<?xml version="1.0" encoding="UTF-8"?>
<robot generator="Robot 3.2.1 (Python 3.8.3 on win32)" generated="20200609 14:17:20.815" rpa="false">
<suite id="s1" name="TestiSuite1" source="C:\Users\petri.ollikainen\eclipse-workspace\First Project\Test\TestiSuite1.robot">
<kw name="Log" library="BuiltIn" type="setup">
<doc>Logs the given message with the given level.</doc>
<arguments>
<arg>I am inside Test Suite Setup</arg>
</arguments>
<msg timestamp="20200609 14:17:21.067" level="INFO">I am inside Test Suite Setup</msg>
<status status="PASS" starttime="20200609 14:17:21.067" endtime="20200609 14:17:21.067"></status>
</kw>
<test id="s1-t1" name="MyFirstTest">
<kw name="Log" library="BuiltIn" type="setup">
<doc>Logs the given message with the given level.</doc>
<arguments>
<arg>I am inside Test Setup</arg>
</arguments>
<msg timestamp="20200609 14:17:21.071" level="INFO">I am inside Test Setup</msg>
<status status="PASS" starttime="20200609 14:17:21.071" endtime="20200609 14:17:21.071"></status>
</kw>
<kw name="Log" library="BuiltIn">
<doc>Logs the given message with the given level.</doc>
<arguments>
<arg>Hello World...</arg>
</arguments>
<msg timestamp="20200609 14:17:21.072" level="INFO">Hello World...</msg>
<status status="PASS" starttime="20200609 14:17:21.071" endtime="20200609 14:17:21.072"></status>
</kw>
<kw name="Log" library="BuiltIn" type="teardown">
<doc>Logs the given message with the given level.</doc>
<arguments>
<arg>I am inside Test Teardown</arg>
</arguments>
<msg timestamp="20200609 14:17:21.072" level="INFO">I am inside Test Teardown</msg>
<status status="PASS" starttime="20200609 14:17:21.072" endtime="20200609 14:17:21.072"></status>
</kw>
<tags>
<tag>smoke</tag>
</tags>
<status status="PASS" starttime="20200609 14:17:21.067" endtime="20200609 14:17:21.072" critical="yes"></status>
</test>
<kw name="Log" library="BuiltIn" type="teardown">
<doc>Logs the given message with the given level.</doc>
<arguments>
<arg>I am inside Test Suite Teardown</arg>
</arguments>
<msg timestamp="20200609 14:17:21.074" level="INFO">I am inside Test Suite Teardown</msg>
<status status="PASS" starttime="20200609 14:17:21.074" endtime="20200609 14:17:21.074"></status>
</kw>
<status status="PASS" starttime="20200609 14:17:20.818" endtime="20200609 14:17:21.074"></status>
</suite>
<statistics>
<total>
<stat pass="1" fail="0">Critical Tests</stat>
<stat pass="1" fail="0">All Tests</stat>
</total>
<tag>
<stat pass="1" fail="0">smoke</stat>
</tag>
<suite>
<stat pass="1" fail="0" id="s1" name="TestiSuite1">TestiSuite1</stat>
</suite>
</statistics>
<errors>
</errors>
</robot>
